{
  "0 debug pnpm:scope": {
    "selected": 1
  },
  "1 debug pnpm:package-manifest": {
    "initial": {
      "private": true,
      "engines": {
        "node": ">=14"
      },
      "scripts": {
        "dev": "vite-ssr --port 3333 --open",
        "dev:spa": "vite --port 3333 --open",
        "clean": "rm -rf dist && rm -rf serverless/public && rm -rf serverless/api/renderer",
        "build": "pnpm clean && cross-env NODE_ENV=production vite-ssr build && ./scripts/move-dist.sh",
        "preview": "cd serverless && vercel dev",
        "deploy": "cd serverless && vercel",
        "deploy:prod": "cd serverless && vercel --prod"
      },
      "dependencies": {
        "@vueuse/core": "^4.11",
        "@vueuse/head": "^0.5",
        "nprogress": "^0.2",
        "prism-theme-vars": "^0.2",
        "vite-ssr": "^0.9",
        "vue": "^3.2",
        "vue-i18n": "^9.1",
        "vue-router": "^4.0"
      },
      "devDependencies": {
        "@mussi/eslint-config": "^0.5",
        "@mussi/stylelint-config": "^1",
        "@iconify/json": "^1.1.392",
        "@intlify/vite-plugin-vue-i18n": "^2.1",
        "@types/nprogress": "^0.2",
        "@vitejs/plugin-vue": "^1.2",
        "@vue/compiler-sfc": "^3.0",
        "@vue/server-renderer": "^3.0",
        "cross-env": "^7.0",
        "eslint": "^7.26",
        "markdown-it-prism": "^2.1",
        "node-fetch": "^2.6",
        "pnpm": "^6.3",
        "rimraf": "^3.0",
        "typescript": "^4.2",
        "vite": "^2.5",
        "vite-plugin-components": "^0.9",
        "vite-plugin-icons": "^0.5",
        "vite-plugin-md": "^0.6",
        "vite-plugin-pages": "^0.11",
        "vite-plugin-pwa": "^0.7",
        "vite-plugin-vue-layouts": "^0.3",
        "vite-plugin-windicss": "^1.2"
      },
      "eslintConfig": {
        "extends": "@mussi/eslint-config",
        "rules": {
          "no-unused-vars": "off",
          "@typescript-eslint/no-unused-vars": "off"
        }
      }
    },
    "prefix": "/Users/maximomussini/Projects/vitestatic/vite-ssr"
  },
  "2 debug pnpm:context": {
    "currentLockfileExists": false,
    "storeDir": "/Users/maximomussini/.pnpm-store/v3",
    "virtualStoreDir": "/Users/maximomussini/Projects/vitestatic/vite-ssr/node_modules/.pnpm"
  },
  "3 debug pnpm:stage": {
    "prefix": "/Users/maximomussini/Projects/vitestatic/vite-ssr",
    "stage": "resolution_started"
  },
  "4 debug pnpm:_dependency_resolved": {
    "resolution": "registry.npmjs.org/markdown-it-prism/2.2.0",
    "wanted": {
      "dependentId": ".",
      "name": "markdown-it-prism",
      "rawSpec": "^2.1"
    }
  },
  "5 debug pnpm:progress": {
    "packageId": "registry.npmjs.org/markdown-it-prism/2.2.0",
    "requester": "/Users/maximomussini/Projects/vitestatic/vite-ssr",
    "status": "resolved"
  },
  "6 debug pnpm:progress": {
    "packageId": "registry.npmjs.org/markdown-it-prism/2.2.0",
    "requester": "/Users/maximomussini/Projects/vitestatic/vite-ssr",
    "status": "found_in_store"
  },
  "7 debug pnpm:_dependency_resolved": {
    "resolution": "registry.npmjs.org/cross-env/7.0.3",
    "wanted": {
      "dependentId": ".",
      "name": "cross-env",
      "rawSpec": "^7.0"
    }
  },
  "8 debug pnpm:progress": {
    "packageId": "registry.npmjs.org/cross-env/7.0.3",
    "requester": "/Users/maximomussini/Projects/vitestatic/vite-ssr",
    "status": "resolved"
  },
  "9 debug pnpm:_dependency_resolved": {
    "resolution": "registry.npmjs.org/@types/nprogress/0.2.0",
    "wanted": {
      "dependentId": ".",
      "name": "@types/nprogress",
      "rawSpec": "^0.2"
    }
  },
  "10 debug pnpm:progress": {
    "packageId": "registry.npmjs.org/@types/nprogress/0.2.0",
    "requester": "/Users/maximomussini/Projects/vitestatic/vite-ssr",
    "status": "resolved"
  },
  "11 debug pnpm:_dependency_resolved": {
    "resolution": "registry.npmjs.org/@mussi/eslint-config/0.5.1",
    "wanted": {
      "dependentId": ".",
      "name": "@mussi/eslint-config",
      "rawSpec": "^0.5"
    }
  },
  "12 debug pnpm:progress": {
    "packageId": "registry.npmjs.org/@mussi/eslint-config/0.5.1",
    "requester": "/Users/maximomussini/Projects/vitestatic/vite-ssr",
    "status": "resolved"
  },
  "13 debug pnpm:progress": {
    "packageId": "registry.npmjs.org/cross-env/7.0.3",
    "requester": "/Users/maximomussini/Projects/vitestatic/vite-ssr",
    "status": "found_in_store"
  },
  "14 debug pnpm:progress": {
    "packageId": "registry.npmjs.org/@types/nprogress/0.2.0",
    "requester": "/Users/maximomussini/Projects/vitestatic/vite-ssr",
    "status": "found_in_store"
  },
  "15 debug pnpm:progress": {
    "packageId": "registry.npmjs.org/@mussi/eslint-config/0.5.1",
    "requester": "/Users/maximomussini/Projects/vitestatic/vite-ssr",
    "status": "found_in_store"
  },
  "16 error pnpm": {
    "code": "ERR_PNPM_NO_MATCHING_VERSION",
    "packageMeta": {
      "name": "@mussi/stylelint-config",
      "dist-tags": {
        "latest": "0.1.1"
      },
      "versions": {
        "0.1.0": {
          "name": "@mussi/stylelint-config",
          "version": "0.1.0",
          "dependencies": {
            "@mussi/stylelint-config-order": "^0.1.0",
            "@mussi/stylelint-config-standard": "^0.1.0"
          },
          "peerDependencies": {
            "stylelint": ">=13"
          },
          "dist": {
            "integrity": "sha512-GQphgq/ZwyhWxNxh802QgGHzUWtiKAKgJSFMZMM0TK/LxQu+dR9bKs9nEhobH0tOUv3+Px72hpxPmaRAxdU6mQ==",
            "shasum": "56ea826e6a56c08e699204f481fb122d7b0c3bfc",
            "tarball": "https://registry.npmjs.org/@mussi/stylelint-config/-/stylelint-config-0.1.0.tgz",
            "fileCount": 4,
            "unpackedSize": 2159,
            "npm-signature": "-----BEGIN PGP SIGNATURE-----\r\nVersion: OpenPGP.js v3.0.13\r\nComment: https://openpgpjs.org\r\n\r\nwsFcBAEBCAAQBQJg+XeYCRA9TVsSAnZWagAAGj8P/jdmkL8Hdxavj3N881zR\nR50Hc/C0qxrv3itUK2Rnqubqa9Lz32aICgNrfUIIbftz+M/EZcodl8iRP3hd\nagukpheiTrnM4yYXqC3BHPsmAi3IOE9xx7MDf6Feqbb//uEyhD8TOLi0YxVI\nhxzPKjIt5cQJByvjwWq0iMS0TaX97PiaVlBE2wT1dj5/iME3WVjBAKKeKx4+\ncaJxdBzqooxVfb1GzCXNR4V6GT6ieBCl/sJ/8niBdt/NfBt/ix8CJyrbr8xc\nXULqanPQSVFOQZdNvZsYodUHue7p5NfVB1OV2fvXqZWUAJqfjpcFQnhDrOko\nsfFBEgHtOzCfCIyFFrT76eG0OJDlZcxb4pkcYMzMnpXaFc1+y79F8ntPsJAN\ndDciaPR3JD0PSRMZnUTlUeV33ZrND8fZ7JoPHzNGCK9naEL4dpBmbJra5OP1\nf+IKV0saGk6ZSBKjZZ0AEf11dAWfJO95Q65vkd94yoYkq149lHIUVP5OJH+F\nWiRfhQiYWrLNATly45VaGY41ndN63jhR7ZLUq55ZMUSxwtuDp+TVTt4tYH5H\nn6Z+KWSZhRMqIxjDJrSLMZfIlWqmV4xeU4ASLB4Y/y713nIClGUEc3Ts/A9F\np/MZoMqQxgPHxnZpMCV2JeuN5vJW6zYK5SYMC1e7E1rh8B4C3p2rXQ/V48u7\nOOZU\r\n=p8Qd\r\n-----END PGP SIGNATURE-----\r\n"
          }
        },
        "0.1.1": {
          "name": "@mussi/stylelint-config",
          "version": "0.1.1",
          "dependencies": {
            "@mussi/stylelint-config-order": "^0.1.0",
            "@mussi/stylelint-config-scss": "^0.1.1",
            "@mussi/stylelint-config-standard": "^0.1.0"
          },
          "peerDependencies": {
            "stylelint": ">=13"
          },
          "dist": {
            "integrity": "sha512-gnxkVOrK7Vw8g2Kv3+9TYuwo7GnDVl3+4FRn3ym+3rTZ4RxHF6/aZ0bnKs+KD0orumrEORdiNpAsD7dS/+3agA==",
            "shasum": "14a37c54ad12282fa10b712ee463d69d8cf5be23",
            "tarball": "https://registry.npmjs.org/@mussi/stylelint-config/-/stylelint-config-0.1.1.tgz",
            "fileCount": 4,
            "unpackedSize": 2493,
            "npm-signature": "-----BEGIN PGP SIGNATURE-----\r\nVersion: OpenPGP.js v3.0.13\r\nComment: https://openpgpjs.org\r\n\r\nwsFcBAEBCAAQBQJg+bUICRA9TVsSAnZWagAAFw4QAJZrKpyOAyOGO134HO72\nFgA9Xr6lowuwpGwhGyQqMIEq7gSEYRu3G5iwL+jNe3ZfCnuJoj/3kyQj8xs9\nyOzDd3QwoqsqrW9f8jhrEOvW+XwFRsrv1kf5zFFdXf5rGUB3Eoa2tGzNYHkf\nUA0FHoVXZOMrOxakOagr8aiKFZ+zhxLT39K/7JEUotz0EmvCl1IXgTNVK64I\n1+seX+Wpx+gwdwl2gL5uzfGUD1k0ikjrpxPm8c62CevgGhZBLxdyaBSYWaQs\n2RpohafbumoJorb1OtAQpKYqSf+Arf1owM7EAzIcpNDGXTDKGxL8Wp3FTN4L\nh5kEuuQj4IKCueYjX6qKdY9XjDFXe3s8ZOZcxkMa9A/h720DGyYlXYfjKv4N\ngPAAGi62CYmBP5eoCvwrUduPeQZFiOOTHqDlLzfHtN6kJNUwiio0YOOfeyfn\n+GarPQndTRpyH4pGWfdhd3uqs2suTnaoLEb4lTg39XOua0eck0t6/oUo2wMc\nl2DxgnTmz1UEs3S0v3g9ZHs8GdDmI1T7NrhQh0whE91u+5jAmX/axGsdxSyP\nVdSRyMmPrJIzrgnJmZMrt+KK9MCqJJKaqIObfi6/T9dQPxGTkwRjhF/JVhqR\nmPqEfI9XOATgVzEGynaLMsj/uH0BkU9a0CYJsKQxV2wNKDZOJECHr9FdIQ/I\nh6zF\r\n=th84\r\n-----END PGP SIGNATURE-----\r\n"
          }
        }
      },
      "modified": "2021-07-22T18:12:26.544Z",
      "cachedAt": 1629904847959
    },
    "pkgsStack": [],
    "err": {
      "name": "Error",
      "message": "No matching version found for @mussi/stylelint-config@^1",
      "code": "ERR_PNPM_NO_MATCHING_VERSION",
      "stack": "Error: No matching version found for @mussi/stylelint-config@^1\n    at resolveNpm (/usr/local/lib/node_modules/pnpm/dist/pnpm.cjs:79753:15)\n    at processTicksAndRejections (node:internal/process/task_queues:96:5)\n    at async Object.resolve (/usr/local/lib/node_modules/pnpm/dist/pnpm.cjs:79919:34)\n    at async run (/usr/local/lib/node_modules/pnpm/dist/pnpm.cjs:66004:23)"
    }
  }
}