{
  "0 debug pnpm:scope": {
    "selected": 1,
    "total": 4,
    "workspacePrefix": "/Users/maximomussini/Projects/vite-islands"
  },
  "1 info pnpm": {
    "err": {
      "name": "Error",
      "message": "@ dev: `vite --port 3333 --open`\nExit status 1",
      "code": "ELIFECYCLE",
      "stack": "Error: @ dev: `vite --port 3333 --open`\nExit status 1\n    at EventEmitter.<anonymous> (/usr/local/lib/node_modules/pnpm/dist/pnpm.cjs:104671:20)\n    at EventEmitter.emit (node:events:394:28)\n    at ChildProcess.<anonymous> (/usr/local/lib/node_modules/pnpm/dist/pnpm.cjs:92977:18)\n    at ChildProcess.emit (node:events:394:28)\n    at maybeClose (node:internal/child_process:1067:16)\n    at Process.ChildProcess._handle.onexit (node:internal/child_process:301:5)"
    }
  },
  "2 error pnpm": {
    "errno": 1,
    "code": "ERR_PNPM_RECURSIVE_RUN_FIRST_FAIL",
    "pkgid": "@",
    "stage": "dev",
    "script": "vite --port 3333 --open",
    "prefix": "/Users/maximomussini/Projects/vite-islands/playground/blog",
    "err": {
      "name": "Error",
      "message": "@ dev: `vite --port 3333 --open`\nExit status 1",
      "code": "ERR_PNPM_RECURSIVE_RUN_FIRST_FAIL",
      "stack": "Error: @ dev: `vite --port 3333 --open`\nExit status 1\n    at EventEmitter.<anonymous> (/usr/local/lib/node_modules/pnpm/dist/pnpm.cjs:104671:20)\n    at EventEmitter.emit (node:events:394:28)\n    at ChildProcess.<anonymous> (/usr/local/lib/node_modules/pnpm/dist/pnpm.cjs:92977:18)\n    at ChildProcess.emit (node:events:394:28)\n    at maybeClose (node:internal/child_process:1067:16)\n    at Process.ChildProcess._handle.onexit (node:internal/child_process:301:5)"
    }
  }
}